# JRE version: Java(TM) SE Runtime Environment (8.0_152-b16) (build 1.8.0_152-b16)
# Java VM: Java HotSpot(TM) Client VM (25.152-b16 mixed mode, sharing windows-x86 )
Heap:
 def new generation   total 2432K, used 1396K [0x06800000, 0x06aa0000, 0x0bd50000)
  eden space 2176K,  52% used [0x06800000, 0x0691d2c8, 0x06a20000)
  from space 256K, 100% used [0x06a60000, 0x06aa0000, 0x06aa0000)
  to   space 256K,  10% used [0x06a20000, 0x06a27038, 0x06a60000)
 tenured generation   total 5504K, used 1152K [0x0bd50000, 0x0c2b0000, 0x16800000)
   the space 5504K,  20% used [0x0bd50000, 0x0be700c0, 0x0be70200, 0x0c2b0000)
 Metaspace       used 2523K, capacity 4484K, committed 4608K, reserved 5504K
GC Heap History (10 events):
Event: 0.291 GC heap after
Heap after GC invocations=1 (full 0):
 def new generation   total 2432K, used 256K [0x06800000, 0x06aa0000, 0x0bd50000)
  eden space 2176K,   0% used [0x06800000, 0x06800000, 0x06a20000)
  from space 256K, 100% used [0x06a60000, 0x06aa0000, 0x06aa0000)
  to   space 256K,   0% used [0x06a20000, 0x06a20000, 0x06a60000)
 tenured generation   total 5504K, used 208K [0x0bd50000, 0x0c2b0000, 0x16800000)
   the space 5504K,   3% used [0x0bd50000, 0x0bd842b8, 0x0bd84400, 0x0c2b0000)
 Metaspace       used 514K, capacity 2564K, committed 2624K, reserved 4480K
}
Event: 0.370 GC heap before
{Heap before GC invocations=1 (full 0):
 def new generation   total 2432K, used 2432K [0x06800000, 0x06aa0000, 0x0bd50000)
  eden space 2176K, 100% used [0x06800000, 0x06a20000, 0x06a20000)
  from space 256K, 100% used [0x06a60000, 0x06aa0000, 0x06aa0000)
  to   space 256K,   0% used [0x06a20000, 0x06a20000, 0x06a60000)
 tenured generation   total 5504K, used 208K [0x0bd50000, 0x0c2b0000, 0x16800000)
   the space 5504K,   3% used [0x0bd50000, 0x0bd842b8, 0x0bd84400, 0x0c2b0000)
 Metaspace       used 984K, capacity 3012K, committed 3136K, reserved 4480K
Event: 0.373 GC heap after
Heap after GC invocations=2 (full 0):
 def new generation   total 2432K, used 256K [0x06800000, 0x06aa0000, 0x0bd50000)
  eden space 2176K,   0% used [0x06800000, 0x06800000, 0x06a20000)
  from space 256K, 100% used [0x06a20000, 0x06a60000, 0x06a60000)
  to   space 256K,   0% used [0x06a60000, 0x06a60000, 0x06aa0000)
 tenured generation   total 5504K, used 641K [0x0bd50000, 0x0c2b0000, 0x16800000)
   the space 5504K,  11% used [0x0bd50000, 0x0bdf0648, 0x0bdf0800, 0x0c2b0000)
 Metaspace       used 984K, capacity 3012K, committed 3136K, reserved 4480K
}
Event: 0.476 GC heap before
{Heap before GC invocations=2 (full 0):
 def new generation   total 2432K, used 2432K [0x06800000, 0x06aa0000, 0x0bd50000)
  eden space 2176K, 100% used [0x06800000, 0x06a20000, 0x06a20000)
  from space 256K, 100% used [0x06a20000, 0x06a60000, 0x06a60000)
  to   space 256K,   0% used [0x06a60000, 0x06a60000, 0x06aa0000)
 tenured generation   total 5504K, used 641K [0x0bd50000, 0x0c2b0000, 0x16800000)
   the space 5504K,  11% used [0x0bd50000, 0x0bdf0648, 0x0bdf0800, 0x0c2b0000)
 Metaspace       used 1431K, capacity 3460K, committed 3520K, reserved 4480K
Event: 0.478 GC heap after
Heap after GC invocations=3 (full 0):
 def new generation   total 2432K, used 71K [0x06800000, 0x06aa0000, 0x0bd50000)
  eden space 2176K,   0% used [0x06800000, 0x06800000, 0x06a20000)
  from space 256K,  27% used [0x06a60000, 0x06a71eb0, 0x06aa0000)
  to   space 256K,   0% used [0x06a20000, 0x06a20000, 0x06a60000)
 tenured generation   total 5504K, used 892K [0x0bd50000, 0x0c2b0000, 0x16800000)
   the space 5504K,  16% used [0x0bd50000, 0x0be2f388, 0x0be2f400, 0x0c2b0000)
 Metaspace       used 1431K, capacity 3460K, committed 3520K, reserved 4480K
}
Event: 0.582 GC heap before
{Heap before GC invocations=3 (full 0):
 def new generation   total 2432K, used 2220K [0x06800000, 0x06aa0000, 0x0bd50000)
  eden space 2176K,  98% used [0x06800000, 0x06a19318, 0x06a20000)
  from space 256K,  27% used [0x06a60000, 0x06a71eb0, 0x06aa0000)
  to   space 256K,   0% used [0x06a20000, 0x06a20000, 0x06a60000)
 tenured generation   total 5504K, used 892K [0x0bd50000, 0x0c2b0000, 0x16800000)
   the space 5504K,  16% used [0x0bd50000, 0x0be2f388, 0x0be2f400, 0x0c2b0000)
 Metaspace       used 1907K, capacity 3940K, committed 4032K, reserved 4480K
Event: 0.583 GC heap after
Heap after GC invocations=4 (full 0):
 def new generation   total 2432K, used 139K [0x06800000, 0x06aa0000, 0x0bd50000)
  eden space 2176K,   0% used [0x06800000, 0x06800000, 0x06a20000)
  from space 256K,  54% used [0x06a20000, 0x06a42fc8, 0x06a60000)
  to   space 256K,   0% used [0x06a60000, 0x06a60000, 0x06aa0000)
 tenured generation   total 5504K, used 892K [0x0bd50000, 0x0c2b0000, 0x16800000)
   the space 5504K,  16% used [0x0bd50000, 0x0be2f388, 0x0be2f400, 0x0c2b0000)
 Metaspace       used 1907K, capacity 3940K, committed 4032K, reserved 4480K
}
Event: 0.656 GC heap before
{Heap before GC invocations=4 (full 0):
 def new generation   total 2432K, used 2315K [0x06800000, 0x06aa0000, 0x0bd50000)
  eden space 2176K, 100% used [0x06800000, 0x06a20000, 0x06a20000)
  from space 256K,  54% used [0x06a20000, 0x06a42fc8, 0x06a60000)
  to   space 256K,   0% used [0x06a60000, 0x06a60000, 0x06aa0000)
 tenured generation   total 5504K, used 892K [0x0bd50000, 0x0c2b0000, 0x16800000)
   the space 5504K,  16% used [0x0bd50000, 0x0be2f388, 0x0be2f400, 0x0c2b0000)
 Metaspace       used 2441K, capacity 4420K, committed 4480K, reserved 4480K
Event: 0.658 GC heap after
Heap after GC invocations=5 (full 0):
 def new generation   total 2432K, used 256K [0x06800000, 0x06aa0000, 0x0bd50000)
  eden space 2176K,   0% used [0x06800000, 0x06800000, 0x06a20000)
  from space 256K, 100% used [0x06a60000, 0x06aa0000, 0x06aa0000)
  to   space 256K,   0% used [0x06a20000, 0x06a20000, 0x06a60000)
 tenured generation   total 5504K, used 1097K [0x0bd50000, 0x0c2b0000, 0x16800000)
   the space 5504K,  19% used [0x0bd50000, 0x0be626e0, 0x0be62800, 0x0c2b0000)
 Metaspace       used 2441K, capacity 4420K, committed 4480K, reserved 4480K
}
Event: 0.686 GC heap before
{Heap before GC invocations=5 (full 0):
 def new generation   total 2432K, used 1396K [0x06800000, 0x06aa0000, 0x0bd50000)
  eden space 2176K,  52% used [0x06800000, 0x0691d2c8, 0x06a20000)
  from space 256K, 100% used [0x06a60000, 0x06aa0000, 0x06aa0000)
  to   space 256K,   0% used [0x06a20000, 0x06a20000, 0x06a60000)
 tenured generation   total 5504K, used 1097K [0x0bd50000, 0x0c2b0000, 0x16800000)
   the space 5504K,  19% used [0x0bd50000, 0x0be626e0, 0x0be62800, 0x0c2b0000)
 Metaspace       used 2523K, capacity 4484K, committed 4608K, reserved 5504K

